<?xml version="1.0" encoding="UTF-8"?>
<testng-results ignored="0" total="2" passed="2" failed="0" skipped="0">
  <reporter-output>
    <line>
      <![CDATA[Browser launched and maximized.]]>
    </line>
    <line>
      <![CDATA[Navigated to OpenCart demo homepage.]]>
    </line>
    <line>
      <![CDATA[Home page title verified successfully: Your Store]]>
    </line>
    <line>
      <![CDATA[Browser closed successfully.]]>
    </line>
    <line>
      <![CDATA[Browser launched and maximized.]]>
    </line>
    <line>
      <![CDATA[Navigated to Register page.]]>
    </line>
    <line>
      <![CDATA[Register page heading verified successfully: Register Account]]>
    </line>
    <line>
      <![CDATA[Browser closed successfully.]]>
    </line>
  </reporter-output>
  <suite started-at="2026-08-10T17:05:17 IST" name="Lab Demo 8 Test Suite" finished-at="2026-08-10T17:05:27 IST" duration-ms="10393">
    <groups>
    </groups>
    <test started-at="2026-08-10T17:05:17 IST" name="TestNG Automation Verification" finished-at="2026-08-10T17:05:27 IST" duration-ms="10393">
      <class name="pac1.Lab8_TestNGTest">
        <test-method is-config="true" signature="setUp()[pri:0, instance:pac1.Lab8_TestNGTest@3c41ed1d]" started-at="2026-08-10T17:05:17 IST" name="setUp" finished-at="2026-08-10T17:05:20 IST" duration-ms="3863" status="PASS">
          <reporter-output>
            <line>
              <![CDATA[Browser launched and maximized.]]>
            </line>
          </reporter-output>
        </test-method> <!-- setUp -->
        <test-method signature="verifyHomePageTitle()[pri:1, instance:pac1.Lab8_TestNGTest@3c41ed1d]" started-at="2026-08-10T17:05:20 IST" name="verifyHomePageTitle" finished-at="2026-08-10T17:05:22 IST" duration-ms="1222" status="PASS">
          <reporter-output>
            <line>
              <![CDATA[Navigated to OpenCart demo homepage.]]>
            </line>
            <line>
              <![CDATA[Home page title verified successfully: Your Store]]>
            </line>
          </reporter-output>
        </test-method> <!-- verifyHomePageTitle -->
        <test-method is-config="true" signature="tearDown()[pri:0, instance:pac1.Lab8_TestNGTest@3c41ed1d]" started-at="2026-08-10T17:05:22 IST" name="tearDown" finished-at="2026-08-10T17:05:22 IST" duration-ms="481" status="PASS">
          <reporter-output>
            <line>
              <![CDATA[Browser closed successfully.]]>
            </line>
          </reporter-output>
        </test-method> <!-- tearDown -->
        <test-method is-config="true" signature="setUp()[pri:0, instance:pac1.Lab8_TestNGTest@3c41ed1d]" started-at="2026-08-10T17:05:22 IST" name="setUp" finished-at="2026-08-10T17:05:25 IST" duration-ms="2376" status="PASS">
          <reporter-output>
            <line>
              <![CDATA[Browser launched and maximized.]]>
            </line>
          </reporter-output>
        </test-method> <!-- setUp -->
        <test-method signature="verifyRegisterPage()[pri:2, instance:pac1.Lab8_TestNGTest@3c41ed1d]" started-at="2026-08-10T17:05:25 IST" name="verifyRegisterPage" finished-at="2026-08-10T17:05:26 IST" duration-ms="1862" status="PASS">
          <reporter-output>
            <line>
              <![CDATA[Navigated to Register page.]]>
            </line>
            <line>
              <![CDATA[Register page heading verified successfully: Register Account]]>
            </line>
          </reporter-output>
        </test-method> <!-- verifyRegisterPage -->
        <test-method is-config="true" signature="tearDown()[pri:0, instance:pac1.Lab8_TestNGTest@3c41ed1d]" started-at="2026-08-10T17:05:26 IST" name="tearDown" finished-at="2026-08-10T17:05:27 IST" duration-ms="543" status="PASS">
          <reporter-output>
            <line>
              <![CDATA[Browser closed successfully.]]>
            </line>
          </reporter-output>
        </test-method> <!-- tearDown -->
      </class> <!-- pac1.Lab8_TestNGTest -->
    </test> <!-- TestNG Automation Verification -->
  </suite> <!-- Lab Demo 8 Test Suite -->
</testng-results>
