<?xml version="1.0" encoding="UTF-8"?>
<!-- Generated by org.testng.reporters.JUnitReportReporter -->
<testsuite hostname="ENCDAPPUNLT0477" failures="0" tests="2" name="pac1.Lab8_TestNGTest" time="10.347" errors="0" timestamp="2026-08-10T17:05:27 IST" skipped="0">
  <testcase classname="pac1.Lab8_TestNGTest" name="verifyHomePageTitle" time="5.628">
    <system-out>
      <![CDATA[Navigated to OpenCart demo homepage.
Home page title verified successfully: Your Store]]>
    </system-out>
  </testcase> <!-- verifyHomePageTitle -->
  <testcase classname="pac1.Lab8_TestNGTest" name="verifyRegisterPage" time="4.719">
    <system-out>
      <![CDATA[Navigated to Register page.
Register page heading verified successfully: Register Account]]>
    </system-out>
  </testcase> <!-- verifyRegisterPage -->
  <system-out>
    <![CDATA[Browser launched and maximized.
Navigated to OpenCart demo homepage.
Home page title verified successfully: Your Store
Browser closed successfully.
Browser launched and maximized.
Navigated to Register page.
Register page heading verified successfully: Register Account
Browser closed successfully.]]>
  </system-out>
</testsuite> <!-- pac1.Lab8_TestNGTest -->
